============================================================
  Generated by:           Genus(TM) Synthesis Solution 23.11-s100_1
  Generated on:           Dec 26 2025  08:42:42 pm
  Module:                 PE
  Operating conditions:   typical (balanced_tree)
  Wireload mode:          enclosed
  Area mode:              timing library
============================================================


Path 1: MET (7226 ps) Setup Check with Pin D_reg_reg[25]/CK->D
          Group: main_clk
     Startpoint: (R) Weight_reg_reg[3]/CK
          Clock: (R) main_clk
       Endpoint: (F) D_reg_reg[25]/D
          Clock: (R) main_clk

                     Capture       Launch     
        Clock Edge:+   10000            0     
       Src Latency:+       0            0     
       Net Latency:+       0 (I)        0 (I) 
           Arrival:=   10000            0     
                                              
             Setup:-      41                  
     Required Time:=    9959                  
      Launch Clock:-       0                  
         Data Path:-    2733                  
             Slack:=    7226                  

#------------------------------------------------------------------------------------------------------------------
#              Timing Point                Flags    Arc   Edge   Cell     Fanout Load Trans Delay Arrival Instance 
#                                                                                (fF)  (ps)  (ps)   (ps)  Location 
#------------------------------------------------------------------------------------------------------------------
  Weight_reg_reg[3]/CK                     -       -      R     (arrival)     45    -     0     0       0    (-,-) 
  Weight_reg_reg[3]/Q                      -       CK->Q  R     DFF_X1         9 18.9    46   124     124    (-,-) 
  g3545__2802/ZN                           -       B1->ZN F     AOI22_X1       2  3.5    22    56     180    (-,-) 
  g3520__4733/ZN                           -       A1->ZN R     NOR2_X1        2  2.5    21    47     227    (-,-) 
  g3499__5477/ZN                           -       A1->ZN R     AND2_X1        1  3.1    12    48     275    (-,-) 
  csa_tree_ADD_TC_OP_groupi_g1081__5526/S  -       CI->S  F     FA_X1          1  3.0    16   111     386    (-,-) 
  csa_tree_ADD_TC_OP_groupi_g1080__8428/CO -       CI->CO F     FA_X1          1  3.9    16    94     480    (-,-) 
  csa_tree_ADD_TC_OP_groupi_g1079__4319/CO -       A->CO  F     FA_X1          1  3.0    15   104     584    (-,-) 
  csa_tree_ADD_TC_OP_groupi_g1078__6260/CO -       CI->CO F     FA_X1          1  3.0    15    91     675    (-,-) 
  csa_tree_ADD_TC_OP_groupi_g1077__5107/CO -       CI->CO F     FA_X1          1  3.0    15    91     766    (-,-) 
  csa_tree_ADD_TC_OP_groupi_g1076__2398/CO -       CI->CO F     FA_X1          1  3.0    15    91     856    (-,-) 
  csa_tree_ADD_TC_OP_groupi_g1075__5477/CO -       CI->CO F     FA_X1          1  3.0    15    91     947    (-,-) 
  csa_tree_ADD_TC_OP_groupi_g1074__6417/CO -       CI->CO F     FA_X1          1  3.0    15    91    1038    (-,-) 
  csa_tree_ADD_TC_OP_groupi_g1073__7410/CO -       CI->CO F     FA_X1          1  3.0    15    91    1129    (-,-) 
  csa_tree_ADD_TC_OP_groupi_g1072__1666/CO -       CI->CO F     FA_X1          1  3.0    15    91    1220    (-,-) 
  csa_tree_ADD_TC_OP_groupi_g1071__2346/CO -       CI->CO F     FA_X1          1  3.0    15    91    1311    (-,-) 
  csa_tree_ADD_TC_OP_groupi_g1070__2883/CO -       CI->CO F     FA_X1          1  3.0    15    91    1402    (-,-) 
  csa_tree_ADD_TC_OP_groupi_g1069__9945/CO -       CI->CO F     FA_X1          1  3.0    15    91    1493    (-,-) 
  csa_tree_ADD_TC_OP_groupi_g1068__9315/CO -       CI->CO F     FA_X1          1  3.0    15    91    1584    (-,-) 
  csa_tree_ADD_TC_OP_groupi_g1067__6161/CO -       CI->CO F     FA_X1          1  3.0    15    91    1675    (-,-) 
  csa_tree_ADD_TC_OP_groupi_g1066__4733/CO -       CI->CO F     FA_X1          1  3.0    15    91    1766    (-,-) 
  csa_tree_ADD_TC_OP_groupi_g1065__7482/CO -       CI->CO F     FA_X1          1  3.0    15    91    1856    (-,-) 
  csa_tree_ADD_TC_OP_groupi_g1064__5115/CO -       CI->CO F     FA_X1          1  3.0    15    91    1947    (-,-) 
  csa_tree_ADD_TC_OP_groupi_g1063__1881/CO -       CI->CO F     FA_X1          1  3.0    15    91    2038    (-,-) 
  csa_tree_ADD_TC_OP_groupi_g1062__6131/CO -       CI->CO F     FA_X1          1  3.0    15    91    2129    (-,-) 
  csa_tree_ADD_TC_OP_groupi_g1061__7098/CO -       CI->CO F     FA_X1          1  3.0    15    91    2220    (-,-) 
  csa_tree_ADD_TC_OP_groupi_g1060__8246/CO -       CI->CO F     FA_X1          1  3.0    15    91    2311    (-,-) 
  csa_tree_ADD_TC_OP_groupi_g1059__5122/CO -       CI->CO F     FA_X1          1  3.0    15    91    2402    (-,-) 
  csa_tree_ADD_TC_OP_groupi_g1058__1705/CO -       CI->CO F     FA_X1          1  3.0    15    91    2493    (-,-) 
  csa_tree_ADD_TC_OP_groupi_g1057__2802/CO -       CI->CO F     FA_X1          1  2.4    14    89    2582    (-,-) 
  csa_tree_ADD_TC_OP_groupi_g1056__1617/ZN -       A->ZN  F     XNOR2_X1       1  1.7    12    55    2637    (-,-) 
  g3927__2398/ZN                           -       A1->ZN R     AOI222_X1      1  2.0    49    67    2704    (-,-) 
  g3914/ZN                                 -       A->ZN  F     INV_X1         1  1.4    11    20    2724    (-,-) 
  D_reg_reg[25]/D                          <<<     -      F     DFF_X1         1    -     -     9    2733    (-,-) 
#------------------------------------------------------------------------------------------------------------------

