============================================================
  Generated by:           Genus(TM) Synthesis Solution 23.11-s100_1
  Generated on:           Dec 26 2025  10:37:15 pm
  Module:                 PE
  Operating conditions:   typical (balanced_tree)
  Wireload mode:          enclosed
  Area mode:              timing library
============================================================


Path 1: MET (7146 ps) Setup Check with Pin D_reg_reg[25]/CK->D
          Group: main_clk
     Startpoint: (R) Weight_reg_reg[1]/CK
          Clock: (R) main_clk
       Endpoint: (F) D_reg_reg[25]/D
          Clock: (R) main_clk

                     Capture       Launch     
        Clock Edge:+   10000            0     
       Src Latency:+       0            0     
       Net Latency:+       0 (I)        0 (I) 
           Arrival:=   10000            0     
                                              
             Setup:-      41                  
     Required Time:=    9959                  
      Launch Clock:-       0                  
         Data Path:-    2812                  
             Slack:=    7146                  

#-------------------------------------------------------------------------------------------------------------------------
#                  Timing Point                   Flags    Arc   Edge   Cell     Fanout Load Trans Delay Arrival Instance 
#                                                                                       (fF)  (ps)  (ps)   (ps)  Location 
#-------------------------------------------------------------------------------------------------------------------------
  Weight_reg_reg[1]/CK                            -       -      R     (arrival)     47    -     0     0       0    (-,-) 
  Weight_reg_reg[1]/Q                             -       CK->Q  F     DFF_X1        12 28.6    32   115     115    (-,-) 
  csa_tree_ADD_TC_OP_groupi_g1038__2802/ZN        -       A->ZN  R     XNOR2_X1      10 21.4   110   162     276    (-,-) 
  csa_tree_ADD_TC_OP_groupi_g1017/ZN              -       A->ZN  F     INV_X1         2  3.1    23    33     309    (-,-) 
  csa_tree_ADD_TC_OP_groupi_g1003__1705/ZN        -       A2->ZN F     OR2_X1         9 18.2    26    93     402    (-,-) 
  csa_tree_ADD_TC_OP_groupi_g955__9945/ZN         -       A1->ZN R     OAI22_X1       1  4.0    42    67     469    (-,-) 
  csa_tree_ADD_TC_OP_groupi_cdnfadd_003_0__1881/S -       A->S   F     FA_X1          1  3.7    17   126     596    (-,-) 
  csa_tree_ADD_TC_OP_groupi_cdnfadd3__6161/CO     -       B->CO  F     FA_X1          1  3.0    15   106     701    (-,-) 
  csa_tree_ADD_TC_OP_groupi_cdnfadd4__9315/CO     -       CI->CO F     FA_X1          1  3.0    15    91     792    (-,-) 
  csa_tree_ADD_TC_OP_groupi_cdnfadd5__9945/CO     -       CI->CO F     FA_X1          1  3.0    15    91     883    (-,-) 
  csa_tree_ADD_TC_OP_groupi_cdnfadd6__2883/CO     -       CI->CO F     FA_X1          1  3.0    15    91     974    (-,-) 
  csa_tree_ADD_TC_OP_groupi_cdnfadd7__2346/CO     -       CI->CO F     FA_X1          1  3.0    15    91    1065    (-,-) 
  csa_tree_ADD_TC_OP_groupi_cdnfadd8__1666/CO     -       CI->CO F     FA_X1          1  3.0    15    91    1156    (-,-) 
  csa_tree_ADD_TC_OP_groupi_cdnfadd9__7410/CO     -       CI->CO F     FA_X1          1  3.0    15    91    1247    (-,-) 
  csa_tree_ADD_TC_OP_groupi_cdnfadd10__6417/CO    -       CI->CO F     FA_X1          1  3.0    15    91    1338    (-,-) 
  csa_tree_ADD_TC_OP_groupi_cdnfadd11__5477/CO    -       CI->CO F     FA_X1          1  3.0    15    91    1428    (-,-) 
  csa_tree_ADD_TC_OP_groupi_cdnfadd12__2398/CO    -       CI->CO F     FA_X1          1  3.0    15    91    1519    (-,-) 
  csa_tree_ADD_TC_OP_groupi_cdnfadd13__5107/CO    -       CI->CO F     FA_X1          1  3.0    15    91    1610    (-,-) 
  csa_tree_ADD_TC_OP_groupi_cdnfadd14__6260/CO    -       CI->CO F     FA_X1          1  3.0    15    91    1701    (-,-) 
  csa_tree_ADD_TC_OP_groupi_cdnfadd15__4319/CO    -       CI->CO F     FA_X1          1  3.0    15    91    1792    (-,-) 
  csa_tree_ADD_TC_OP_groupi_cdnfadd16__8428/CO    -       CI->CO F     FA_X1          1  3.0    15    91    1883    (-,-) 
  csa_tree_ADD_TC_OP_groupi_cdnfadd17__5526/CO    -       CI->CO F     FA_X1          1  3.0    15    91    1974    (-,-) 
  csa_tree_ADD_TC_OP_groupi_cdnfadd18__6783/CO    -       CI->CO F     FA_X1          1  3.0    15    91    2065    (-,-) 
  csa_tree_ADD_TC_OP_groupi_cdnfadd19__3680/CO    -       CI->CO F     FA_X1          1  3.0    15    91    2156    (-,-) 
  csa_tree_ADD_TC_OP_groupi_cdnfadd20__1617/CO    -       CI->CO F     FA_X1          1  3.0    15    91    2247    (-,-) 
  csa_tree_ADD_TC_OP_groupi_cdnfadd21__2802/CO    -       CI->CO F     FA_X1          1  3.0    15    91    2338    (-,-) 
  csa_tree_ADD_TC_OP_groupi_cdnfadd22__1705/CO    -       CI->CO F     FA_X1          1  3.0    15    91    2428    (-,-) 
  csa_tree_ADD_TC_OP_groupi_cdnfadd23__5122/CO    -       CI->CO F     FA_X1          1  3.0    15    91    2519    (-,-) 
  csa_tree_ADD_TC_OP_groupi_cdnfadd24__8246/CO    -       CI->CO F     FA_X1          1  3.0    15    91    2610    (-,-) 
  csa_tree_ADD_TC_OP_groupi_cdnfadd25__7098/S     -       CI->S  F     FA_X1          1  1.7    15   105    2716    (-,-) 
  g3557__1617/ZN                                  -       A1->ZN R     AOI222_X1      1  2.0    51    68    2783    (-,-) 
  g3545/ZN                                        -       A->ZN  F     INV_X1         1  1.4    11    20    2804    (-,-) 
  D_reg_reg[25]/D                                 <<<     -      F     DFF_X1         1    -     -     9    2812    (-,-) 
#-------------------------------------------------------------------------------------------------------------------------

