============================================================
  Generated by:           Genus(TM) Synthesis Solution 23.11-s100_1
  Generated on:           Dec 26 2025  10:38:38 pm
  Module:                 PE
  Operating conditions:   typical (balanced_tree)
  Wireload mode:          enclosed
  Area mode:              timing library
============================================================


Path 1: MET (6830 ps) Setup Check with Pin D_reg_reg[14]/CK->D
          Group: main_clk
     Startpoint: (R) Weight_reg_reg/CK
          Clock: (R) main_clk
       Endpoint: (R) D_reg_reg[14]/D
          Clock: (R) main_clk

                     Capture       Launch     
        Clock Edge:+   10000            0     
       Src Latency:+       0            0     
       Net Latency:+       0 (I)        0 (I) 
           Arrival:=   10000            0     
                                              
             Setup:-      35                  
     Required Time:=    9965                  
      Launch Clock:-       0                  
         Data Path:-    3135                  
             Slack:=    6830                  

#-------------------------------------------------------------------------------------------------------------------------
#                  Timing Point                   Flags    Arc   Edge   Cell     Fanout Load Trans Delay Arrival Instance 
#                                                                                       (fF)  (ps)  (ps)   (ps)  Location 
#-------------------------------------------------------------------------------------------------------------------------
  Weight_reg_reg/CK                               -       -      R     (arrival)     37    -     0     0       0    (-,-) 
  Weight_reg_reg/Q                                -       CK->Q  R     DFF_X1         2  4.5    14    91      91    (-,-) 
  g8103__2802/ZN                                  -       A->ZN  R     XNOR2_X1       3  6.2    40    68     160    (-,-) 
  g8060__1666/ZN                                  -       A1->ZN F     AOI22_X1       1  2.7    28    39     199    (-,-) 
  g8050__5115/Z                                   -       B->Z   F     XOR2_X1        4 10.3    24    94     292    (-,-) 
  add16_sub_73_28_Y_add16_add_72_28_g471/ZN       -       A->ZN  R     INV_X1        13 34.8    82   117     409    (-,-) 
  add16_sub_73_28_Y_add16_add_72_28_g470__7410/ZN -       A2->ZN F     NOR2_X1        2  4.6    22    46     455    (-,-) 
  add16_sub_73_28_Y_add16_add_72_28_g453__1705/ZN -       A2->ZN R     NAND2_X1       2  4.6    17    44     500    (-,-) 
  add16_sub_73_28_Y_add16_add_72_28_g451__2802/ZN -       A1->ZN F     NOR2_X1        2  4.3    13    29     529    (-,-) 
  add16_sub_73_28_Y_add16_add_72_28_g449/ZN       -       A->ZN  R     INV_X1         1  2.0     8    29     558    (-,-) 
  add16_sub_73_28_Y_add16_add_72_28_g448__1617/ZN -       A1->ZN F     NOR2_X1        1  3.0    12    21     579    (-,-) 
  add16_sub_73_28_Y_add16_add_72_28_g446__6783/CO -       CI->CO F     FA_X1          1  3.0    15    90     669    (-,-) 
  add16_sub_73_28_Y_add16_add_72_28_g445__5526/CO -       CI->CO F     FA_X1          1  3.0    15    91     760    (-,-) 
  add16_sub_73_28_Y_add16_add_72_28_g444__8428/CO -       CI->CO F     FA_X1          1  3.0    15    91     851    (-,-) 
  add16_sub_73_28_Y_add16_add_72_28_g443__4319/CO -       CI->CO F     FA_X1          1  3.0    15    91     942    (-,-) 
  add16_sub_73_28_Y_add16_add_72_28_g442__6260/CO -       CI->CO F     FA_X1          1  3.0    15    91    1033    (-,-) 
  add16_sub_73_28_Y_add16_add_72_28_g441__5107/CO -       CI->CO F     FA_X1          1  3.0    15    91    1124    (-,-) 
  add16_sub_73_28_Y_add16_add_72_28_g440__2398/CO -       CI->CO F     FA_X1          1  3.0    15    91    1214    (-,-) 
  add16_sub_73_28_Y_add16_add_72_28_g439__5477/CO -       CI->CO F     FA_X1          1  3.0    15    91    1305    (-,-) 
  add16_sub_73_28_Y_add16_add_72_28_g438__6417/CO -       CI->CO F     FA_X1          1  3.0    15    91    1396    (-,-) 
  add16_sub_73_28_Y_add16_add_72_28_g437__7410/CO -       CI->CO F     FA_X1          1  3.0    15    91    1487    (-,-) 
  add16_sub_73_28_Y_add16_add_72_28_g436__1666/S  -       CI->S  F     FA_X1          4  7.5    21   121    1608    (-,-) 
  g9157__1617/ZN                                  -       A1->ZN R     NOR2_X1        6 12.3    65    99    1707    (-,-) 
  g9153__8428/ZN                                  -       A1->ZN F     NAND2_X1       3  5.8    25    53    1760    (-,-) 
  g9198/ZN                                        -       A1->ZN R     NAND3_X1       8 17.2    47    77    1836    (-,-) 
  g9109/ZN                                        -       A->ZN  F     INV_X1         3  5.9    16    43    1879    (-,-) 
  g9091__9945/ZN                                  -       A2->ZN R     NOR2_X1        5  9.5    52    86    1966    (-,-) 
  g9083/ZN                                        -       A->ZN  F     INV_X1         5  9.1    20    46    2011    (-,-) 
  g9060__6260/ZN                                  -       B1->ZN R     OAI22_X1       1  1.9    31    60    2072    (-,-) 
  g9194/ZN                                        -       A->ZN  F     AOI21_X1       2  3.6    20    32    2104    (-,-) 
  g9191/ZN                                        -       A1->ZN R     NOR2_X1        2  4.0    27    54    2158    (-,-) 
  g8992__6783/ZN                                  -       A1->ZN F     AOI22_X1       2  4.7    32    40    2198    (-,-) 
  g8984__6417/ZN                                  -       A2->ZN R     NOR2_X1        2  4.5    29    66    2264    (-,-) 
  g8980__2346/ZN                                  -       A1->ZN F     NAND2_X1       2  4.2    14    38    2302    (-,-) 
  g8975__9945/ZN                                  -       A1->ZN R     NOR2_X1        2  4.6    30    54    2357    (-,-) 
  g8970/ZN                                        -       A->ZN  F     INV_X1         1  1.7     8    24    2380    (-,-) 
  g8969__4733/ZN                                  -       A1->ZN R     NOR2_X1        2  4.5    29    48    2429    (-,-) 
  g8964__1881/ZN                                  -       A1->ZN F     NAND2_X1       2  4.3    15    38    2467    (-,-) 
  g8960__8246/ZN                                  -       A1->ZN R     NOR2_X1        2  4.6    29    54    2522    (-,-) 
  g8956/ZN                                        -       A->ZN  F     INV_X1         1  1.7     8    24    2546    (-,-) 
  g8955__2802/ZN                                  -       A1->ZN R     NOR2_X1        2  4.5    29    48    2594    (-,-) 
  g8951__6783/ZN                                  -       A1->ZN F     NAND2_X1       2  3.5    14    36    2630    (-,-) 
  g8947__4319/ZN                                  -       A1->ZN R     NOR2_X1        1  3.1    22    47    2677    (-,-) 
  g8940__5477/CO                                  -       CI->CO R     FA_X1          1  2.0    12    67    2744    (-,-) 
  g8939/ZN                                        -       A->ZN  F     INV_X1         1  3.0     6    22    2766    (-,-) 
  g8935__7410/CO                                  -       CI->CO F     FA_X1          1  3.0    15    87    2853    (-,-) 
  g8932__2346/CO                                  -       CI->CO F     FA_X1          1  3.0    15    91    2944    (-,-) 
  g8929__9945/CO                                  -       CI->CO F     FA_X1          1  2.4    14    89    3033    (-,-) 
  g8928__9315/ZN                                  -       A->ZN  F     XNOR2_X1       1  1.8    12    55    3088    (-,-) 
  g8925__4733/ZN                                  -       B1->ZN R     OAI21_X1       1  1.4    20    38    3127    (-,-) 
  D_reg_reg[14]/D                                 <<<     -      R     DFF_X1         1    -     -     9    3135    (-,-) 
#-------------------------------------------------------------------------------------------------------------------------

